An Expo user account is required to proceed.
CommandError: Input is required, but 'npx expo' is in non-interactive mode.
Use the EXPO_TOKEN environment variable to authenticate in CI (Learn more: https://docs.expo.dev/accounts/programmatic-access/)
Tunnel connection has been closed. This is often related to intermittent connection problems with the Ngrok servers. Restart the dev server to try connecting to Ngrok again.
Check the Ngrok status page for outages: https://status.ngrok.com/
Error: Crc error - -1878970880 - -1871227938
    at t.exports.n._parseChunkEnd (S:\SpeakEasy\speakeasy-mobile\node_modules\jimp-compact\dist\jimp.js:1:514593)
    at t.exports.e.process (S:\SpeakEasy\speakeasy-mobile\node_modules\jimp-compact\dist\jimp.js:1:40580)
    at t.exports (S:\SpeakEasy\speakeasy-mobile\node_modules\jimp-compact\dist\jimp.js:1:419827)
    at Object.e.read [as image/png] (S:\SpeakEasy\speakeasy-mobile\node_modules\jimp-compact\dist\jimp.js:1:1865)
    at Jimp.parseBitmap (S:\SpeakEasy\speakeasy-mobile\node_modules\jimp-compact\dist\jimp.js:1:125704)
    at Jimp.parseBitmap (S:\SpeakEasy\speakeasy-mobile\node_modules\jimp-compact\dist\jimp.js:1:8514)
    at S:\SpeakEasy\speakeasy-mobile\node_modules\jimp-compact\dist\jimp.js:1:7613
    at FSReqCallback.readFileAfterClose [as oncomplete] (node:internal/fs/read/context:68:3)
An Expo user account is required to proceed.
CommandError: Input is required, but 'npx expo' is in non-interactive mode.
Use the EXPO_TOKEN environment variable to authenticate in CI (Learn more: https://docs.expo.dev/accounts/programmatic-access/)
An Expo user account is required to proceed.
CommandError: Input is required, but 'npx expo' is in non-interactive mode.
Use the EXPO_TOKEN environment variable to authenticate in CI (Learn more: https://docs.expo.dev/accounts/programmatic-access/)
Tunnel connection has been closed. This is often related to intermittent connection problems with the Ngrok servers. Restart the dev server to try connecting to Ngrok again.
Check the Ngrok status page for outages: https://status.ngrok.com/
